2025-11-23 21:29:47 - __main__ - INFO - 
2025-11-23 21:29:47 - __main__ - INFO - ================================================================================
2025-11-23 21:29:47 - __main__ - INFO - RUSLE A-FACTOR (soil loss) CALCULATION
2025-11-23 21:29:47 - __main__ - INFO - ================================================================================
2025-11-23 21:29:47 - __main__ - INFO - DEM grid: CRS=EPSG:4326  shape=(871, 1305)  nodata=-9999.0
2025-11-23 21:29:47 - __main__ - INFO - Using AOI raster: C:\Users\Nova\Desktop\RusleMulaMutha1625\temp\aoi\aoi_mask.tif (coverage on DEM grid: 67.24%)
2025-11-23 21:29:47 - __main__ - INFO - Computing A for 2016…
2025-11-23 21:29:47 - __main__ - INFO - Saved A raster: C:\Users\Nova\Desktop\RusleMulaMutha1625\temp\erosion\a_factor_2016.tif
2025-11-23 21:29:47 - __main__ - INFO - A stats 2016: min=0.0  mean=0.09553267061710358  median=0.015367699787020683  max=10.434082984924316  std=0.2566159963607788  n=740656 (coverage 65.16%)
2025-11-23 21:29:47 - __main__ - INFO - Saved A figure: C:\Users\Nova\Desktop\RusleMulaMutha1625\outputs\figures\erosion\a_factor_2016.png
2025-11-23 21:29:47 - __main__ - INFO - Computing A for 2017…
2025-11-23 21:29:47 - __main__ - INFO - Saved A raster: C:\Users\Nova\Desktop\RusleMulaMutha1625\temp\erosion\a_factor_2017.tif
2025-11-23 21:29:47 - __main__ - INFO - A stats 2017: min=0.0  mean=0.3482375741004944  median=0.06459278613328934  max=20.06987953186035  std=0.7284494638442993  n=740656 (coverage 65.16%)
2025-11-23 21:29:48 - __main__ - INFO - Saved A figure: C:\Users\Nova\Desktop\RusleMulaMutha1625\outputs\figures\erosion\a_factor_2017.png
2025-11-23 21:29:48 - __main__ - INFO - Computing A for 2018…
2025-11-23 21:29:48 - __main__ - INFO - Saved A raster: C:\Users\Nova\Desktop\RusleMulaMutha1625\temp\erosion\a_factor_2018.tif
2025-11-23 21:29:48 - __main__ - INFO - A stats 2018: min=0.0  mean=0.19049221277236938  median=0.03347635269165039  max=14.10472583770752  std=0.4237554967403412  n=740656 (coverage 65.16%)
2025-11-23 21:29:48 - __main__ - INFO - Saved A figure: C:\Users\Nova\Desktop\RusleMulaMutha1625\outputs\figures\erosion\a_factor_2018.png
2025-11-23 21:29:48 - __main__ - INFO - Computing A for 2019…
2025-11-23 21:29:48 - __main__ - INFO - Saved A raster: C:\Users\Nova\Desktop\RusleMulaMutha1625\temp\erosion\a_factor_2019.tif
2025-11-23 21:29:48 - __main__ - INFO - A stats 2019: min=0.0  mean=0.4706030786037445  median=0.08523280918598175  max=28.740880966186523  std=0.985134482383728  n=740656 (coverage 65.16%)
2025-11-23 21:29:48 - __main__ - INFO - Saved A figure: C:\Users\Nova\Desktop\RusleMulaMutha1625\outputs\figures\erosion\a_factor_2019.png
2025-11-23 21:29:48 - __main__ - INFO - Computing A for 2020…
2025-11-23 21:29:49 - __main__ - INFO - Saved A raster: C:\Users\Nova\Desktop\RusleMulaMutha1625\temp\erosion\a_factor_2020.tif
2025-11-23 21:29:49 - __main__ - INFO - A stats 2020: min=0.0  mean=0.34407705068588257  median=0.06955455243587494  max=20.416179656982422  std=0.722697913646698  n=740656 (coverage 65.16%)
2025-11-23 21:29:49 - __main__ - INFO - Saved A figure: C:\Users\Nova\Desktop\RusleMulaMutha1625\outputs\figures\erosion\a_factor_2020.png
2025-11-23 21:29:49 - __main__ - INFO - Computing A for 2021…
2025-11-23 21:29:49 - __main__ - INFO - Saved A raster: C:\Users\Nova\Desktop\RusleMulaMutha1625\temp\erosion\a_factor_2021.tif
2025-11-23 21:29:49 - __main__ - INFO - A stats 2021: min=0.0  mean=0.2707148790359497  median=0.05585493519902229  max=16.387405395507812  std=0.5605894327163696  n=740656 (coverage 65.16%)
2025-11-23 21:29:49 - __main__ - INFO - Saved A figure: C:\Users\Nova\Desktop\RusleMulaMutha1625\outputs\figures\erosion\a_factor_2021.png
2025-11-23 21:29:49 - __main__ - INFO - Computing A for 2022…
2025-11-23 21:29:49 - __main__ - INFO - Saved A raster: C:\Users\Nova\Desktop\RusleMulaMutha1625\temp\erosion\a_factor_2022.tif
2025-11-23 21:29:49 - __main__ - INFO - A stats 2022: min=0.0  mean=0.2634655833244324  median=0.051571667194366455  max=18.209701538085938  std=0.58287113904953  n=740656 (coverage 65.16%)
2025-11-23 21:29:50 - __main__ - INFO - Saved A figure: C:\Users\Nova\Desktop\RusleMulaMutha1625\outputs\figures\erosion\a_factor_2022.png
2025-11-23 21:29:50 - __main__ - INFO - Computing A for 2023…
2025-11-23 21:29:50 - __main__ - INFO - Saved A raster: C:\Users\Nova\Desktop\RusleMulaMutha1625\temp\erosion\a_factor_2023.tif
2025-11-23 21:29:50 - __main__ - INFO - A stats 2023: min=0.0  mean=0.23021268844604492  median=0.041081152856349945  max=16.059955596923828  std=0.5139343738555908  n=740656 (coverage 65.16%)
2025-11-23 21:29:50 - __main__ - INFO - Saved A figure: C:\Users\Nova\Desktop\RusleMulaMutha1625\outputs\figures\erosion\a_factor_2023.png
2025-11-23 21:29:50 - __main__ - INFO - Computing A for 2024…
2025-11-23 21:29:50 - __main__ - INFO - Saved A raster: C:\Users\Nova\Desktop\RusleMulaMutha1625\temp\erosion\a_factor_2024.tif
2025-11-23 21:29:50 - __main__ - INFO - A stats 2024: min=0.0  mean=0.3087787330150604  median=0.05629595369100571  max=20.198650360107422  std=0.6770512461662292  n=740656 (coverage 65.16%)
2025-11-23 21:29:50 - __main__ - INFO - Saved A figure: C:\Users\Nova\Desktop\RusleMulaMutha1625\outputs\figures\erosion\a_factor_2024.png
2025-11-23 21:29:50 - __main__ - INFO - Computing A for 2025…
2025-11-23 21:29:50 - __main__ - INFO - Saved A raster: C:\Users\Nova\Desktop\RusleMulaMutha1625\temp\erosion\a_factor_2025.tif
2025-11-23 21:29:50 - __main__ - INFO - A stats 2025: min=0.0  mean=0.35797426104545593  median=0.06625640392303467  max=21.66038703918457  std=0.759013831615448  n=740656 (coverage 65.16%)
2025-11-23 21:29:51 - __main__ - INFO - Saved A figure: C:\Users\Nova\Desktop\RusleMulaMutha1625\outputs\figures\erosion\a_factor_2025.png
2025-11-23 21:29:51 - __main__ - INFO - Saved master A stats CSV: C:\Users\Nova\Desktop\RusleMulaMutha1625\outputs\statistics\erosion\a_factor_stats_master_20251123_212947.csv
2025-11-23 21:29:51 - __main__ - INFO - A-factor calculation completed.
2025-11-23 21:29:51 - __main__ - INFO - ================================================================================
