2025-11-24 10:42:08 - __main__ - INFO - 
2025-11-24 10:42:08 - __main__ - INFO - ================================================================================
2025-11-24 10:42:08 - __main__ - INFO - RUSLE K-FACTOR CALCULATION (STATIC: OpenLandMap USDA Texture ~2016)
2025-11-24 10:42:08 - __main__ - INFO - ================================================================================
2025-11-24 10:42:08 - __main__ - INFO - Master DEM grid: CRS=EPSG:4326  shape=(871, 1305)  nodata=-9999.0
2025-11-24 10:42:08 - __main__ - INFO - Soil raster (raw): CRS=EPSG:4326  shape=(314, 471)  nodata=0
2025-11-24 10:42:08 - __main__ - INFO - Reprojecting soil texture to match DEM grid (nearest-neighbor)…
2025-11-24 10:42:08 - __main__ - INFO - AOI mask loaded: aoi_mask.tif (preferred raster)
2025-11-24 10:42:08 - __main__ - INFO - Applying AOI mask: setting 372378 pixels to nodata outside catchment
2025-11-24 10:42:08 - __main__ - INFO - Reclassifying USDA texture classes -> K values…
2025-11-24 10:42:08 - __main__ - INFO - Class coverage (AOI-only if AOI provided):
2025-11-24 10:42:08 - __main__ - INFO - Code   Texture              K        Pixels       %       
2025-11-24 10:42:08 - __main__ - INFO - ------------------------------------------------------------
2025-11-24 10:42:08 - __main__ - INFO - 1      Clay                 0.0053   310311        40.60
2025-11-24 10:42:08 - __main__ - INFO - 2      Silty Clay           0.0170   0              0.00
2025-11-24 10:42:08 - __main__ - INFO - 3      Silty Clay Loam      0.0280   0              0.00
2025-11-24 10:42:08 - __main__ - INFO - 4      Sandy Clay           0.0280   430259        56.30
2025-11-24 10:42:08 - __main__ - INFO - 5      Sandy Clay Loam      0.0340   0              0.00
2025-11-24 10:42:08 - __main__ - INFO - 6      Clay Loam            0.0400   602            0.08
2025-11-24 10:42:08 - __main__ - INFO - 7      Silt Loam            0.0430   660            0.09
2025-11-24 10:42:08 - __main__ - INFO - 8      Loam                 0.0450   0              0.00
2025-11-24 10:42:08 - __main__ - INFO - 9      Silt                 0.0450   0              0.00
2025-11-24 10:42:08 - __main__ - INFO - 10     Sandy Loam           0.0170   0              0.00
2025-11-24 10:42:08 - __main__ - INFO - 11     Loamy Sand           0.0053   0              0.00
2025-11-24 10:42:08 - __main__ - INFO - 12     Sand                 0.0053   0              0.00
2025-11-24 10:42:08 - __main__ - INFO - K stats (AOI-only): min=0.0053  mean=0.0185  median=0.0280  max=0.0430  std=0.0112  n=741832  (coverage 97.06% of AOI)
2025-11-24 10:42:08 - __main__ - INFO - Saved K raster: /home/ubuntuksh/RusleMulaMutha1625/temp/factors/k_factor.tif
2025-11-24 10:42:08 - __main__ - INFO - Saved K stats CSV: /home/ubuntuksh/RusleMulaMutha1625/outputs/statistics/k_factor_stats_20251124_104208.csv
2025-11-24 10:42:08 - __main__ - INFO - Saved K figure: /home/ubuntuksh/RusleMulaMutha1625/outputs/figures/k_factor_map.png
2025-11-24 10:42:08 - __main__ - INFO - K-factor computation completed.
2025-11-24 10:42:08 - __main__ - INFO - ================================================================================
