2025-11-24 10:42:18 - __main__ - INFO - 
2025-11-24 10:42:18 - __main__ - INFO - ================================================================================
2025-11-24 10:42:18 - __main__ - INFO - RUSLE C-FACTOR CALCULATION (from Sentinel-2 yearly NDVI @ 90 m)
2025-11-24 10:42:18 - __main__ - INFO - ================================================================================
2025-11-24 10:42:18 - __main__ - INFO - AOI mask loaded: aoi_mask.tif (preferred raster)
2025-11-24 10:42:18 - __main__ - INFO - C stats 2016 (AOI-only): preNDVI[min=-1.000, max=0.913, mean=0.459, med=0.461]  postC[min=0.000, max=1.000, mean=0.234, med=0.181, std=0.226]  n=763088  coverage=99.84%
2025-11-24 10:42:18 - __main__ - INFO - Saved C raster: /home/ubuntuksh/RusleMulaMutha1625/temp/factors/c_factor_2016.tif
2025-11-24 10:42:18 - __main__ - INFO - Saved C stats CSV: /home/ubuntuksh/RusleMulaMutha1625/outputs/statistics/c_factor_stats_2016.csv
2025-11-24 10:42:19 - __main__ - INFO - Saved C figure: /home/ubuntuksh/RusleMulaMutha1625/outputs/figures/c_factor_2016.png
2025-11-24 10:42:19 - __main__ - INFO - C stats 2017 (AOI-only): preNDVI[min=-1.000, max=0.895, mean=0.303, med=0.284]  postC[min=0.000, max=1.000, mean=0.432, med=0.453, std=0.234]  n=763088  coverage=99.84%
2025-11-24 10:42:19 - __main__ - INFO - Saved C raster: /home/ubuntuksh/RusleMulaMutha1625/temp/factors/c_factor_2017.tif
2025-11-24 10:42:19 - __main__ - INFO - Saved C stats CSV: /home/ubuntuksh/RusleMulaMutha1625/outputs/statistics/c_factor_stats_2017.csv
2025-11-24 10:42:19 - __main__ - INFO - Saved C figure: /home/ubuntuksh/RusleMulaMutha1625/outputs/figures/c_factor_2017.png
2025-11-24 10:42:19 - __main__ - INFO - C stats 2018 (AOI-only): preNDVI[min=-0.987, max=0.891, mean=0.341, med=0.322]  postC[min=0.000, max=1.000, mean=0.388, med=0.387, std=0.246]  n=763088  coverage=99.84%
2025-11-24 10:42:19 - __main__ - INFO - Saved C raster: /home/ubuntuksh/RusleMulaMutha1625/temp/factors/c_factor_2018.tif
2025-11-24 10:42:19 - __main__ - INFO - Saved C stats CSV: /home/ubuntuksh/RusleMulaMutha1625/outputs/statistics/c_factor_stats_2018.csv
2025-11-24 10:42:20 - __main__ - INFO - Saved C figure: /home/ubuntuksh/RusleMulaMutha1625/outputs/figures/c_factor_2018.png
2025-11-24 10:42:20 - __main__ - INFO - C stats 2019 (AOI-only): preNDVI[min=-0.686, max=0.865, mean=0.287, med=0.263]  postC[min=0.000, max=1.000, mean=0.466, med=0.490, std=0.230]  n=763088  coverage=99.84%
2025-11-24 10:42:20 - __main__ - INFO - Saved C raster: /home/ubuntuksh/RusleMulaMutha1625/temp/factors/c_factor_2019.tif
2025-11-24 10:42:20 - __main__ - INFO - Saved C stats CSV: /home/ubuntuksh/RusleMulaMutha1625/outputs/statistics/c_factor_stats_2019.csv
2025-11-24 10:42:20 - __main__ - INFO - Saved C figure: /home/ubuntuksh/RusleMulaMutha1625/outputs/figures/c_factor_2019.png
2025-11-24 10:42:20 - __main__ - INFO - C stats 2020 (AOI-only): preNDVI[min=-0.485, max=0.849, mean=0.334, med=0.326]  postC[min=0.000, max=1.000, mean=0.391, med=0.380, std=0.227]  n=763088  coverage=99.84%
2025-11-24 10:42:20 - __main__ - INFO - Saved C raster: /home/ubuntuksh/RusleMulaMutha1625/temp/factors/c_factor_2020.tif
2025-11-24 10:42:20 - __main__ - INFO - Saved C stats CSV: /home/ubuntuksh/RusleMulaMutha1625/outputs/statistics/c_factor_stats_2020.csv
2025-11-24 10:42:21 - __main__ - INFO - Saved C figure: /home/ubuntuksh/RusleMulaMutha1625/outputs/figures/c_factor_2020.png
2025-11-24 10:42:21 - __main__ - INFO - C stats 2021 (AOI-only): preNDVI[min=-0.380, max=0.843, mean=0.324, med=0.319]  postC[min=0.000, max=1.000, mean=0.404, med=0.391, std=0.218]  n=763088  coverage=99.84%
2025-11-24 10:42:21 - __main__ - INFO - Saved C raster: /home/ubuntuksh/RusleMulaMutha1625/temp/factors/c_factor_2021.tif
2025-11-24 10:42:21 - __main__ - INFO - Saved C stats CSV: /home/ubuntuksh/RusleMulaMutha1625/outputs/statistics/c_factor_stats_2021.csv
2025-11-24 10:42:21 - __main__ - INFO - Saved C figure: /home/ubuntuksh/RusleMulaMutha1625/outputs/figures/c_factor_2021.png
2025-11-24 10:42:21 - __main__ - INFO - C stats 2022 (AOI-only): preNDVI[min=-1.000, max=0.881, mean=0.359, med=0.354]  postC[min=0.000, max=1.000, mean=0.352, med=0.334, std=0.225]  n=763088  coverage=99.84%
2025-11-24 10:42:21 - __main__ - INFO - Saved C raster: /home/ubuntuksh/RusleMulaMutha1625/temp/factors/c_factor_2022.tif
2025-11-24 10:42:21 - __main__ - INFO - Saved C stats CSV: /home/ubuntuksh/RusleMulaMutha1625/outputs/statistics/c_factor_stats_2022.csv
2025-11-24 10:42:22 - __main__ - INFO - Saved C figure: /home/ubuntuksh/RusleMulaMutha1625/outputs/figures/c_factor_2022.png
2025-11-24 10:42:22 - __main__ - INFO - C stats 2023 (AOI-only): preNDVI[min=-0.950, max=0.881, mean=0.349, med=0.343]  postC[min=0.000, max=1.000, mean=0.369, med=0.353, std=0.234]  n=763088  coverage=99.84%
2025-11-24 10:42:22 - __main__ - INFO - Saved C raster: /home/ubuntuksh/RusleMulaMutha1625/temp/factors/c_factor_2023.tif
2025-11-24 10:42:22 - __main__ - INFO - Saved C stats CSV: /home/ubuntuksh/RusleMulaMutha1625/outputs/statistics/c_factor_stats_2023.csv
2025-11-24 10:42:22 - __main__ - INFO - Saved C figure: /home/ubuntuksh/RusleMulaMutha1625/outputs/figures/c_factor_2023.png
2025-11-24 10:42:22 - __main__ - INFO - C stats 2024 (AOI-only): preNDVI[min=-1.000, max=0.900, mean=0.342, med=0.334]  postC[min=0.000, max=1.000, mean=0.380, med=0.368, std=0.238]  n=763088  coverage=99.84%
2025-11-24 10:42:22 - __main__ - INFO - Saved C raster: /home/ubuntuksh/RusleMulaMutha1625/temp/factors/c_factor_2024.tif
2025-11-24 10:42:22 - __main__ - INFO - Saved C stats CSV: /home/ubuntuksh/RusleMulaMutha1625/outputs/statistics/c_factor_stats_2024.csv
2025-11-24 10:42:23 - __main__ - INFO - Saved C figure: /home/ubuntuksh/RusleMulaMutha1625/outputs/figures/c_factor_2024.png
2025-11-24 10:42:23 - __main__ - INFO - C stats 2025 (AOI-only): preNDVI[min=-1.000, max=0.905, mean=0.322, med=0.310]  postC[min=0.000, max=1.000, mean=0.408, med=0.407, std=0.234]  n=763088  coverage=99.84%
2025-11-24 10:42:23 - __main__ - INFO - Saved C raster: /home/ubuntuksh/RusleMulaMutha1625/temp/factors/c_factor_2025.tif
2025-11-24 10:42:23 - __main__ - INFO - Saved C stats CSV: /home/ubuntuksh/RusleMulaMutha1625/outputs/statistics/c_factor_stats_2025.csv
2025-11-24 10:42:23 - __main__ - INFO - Saved C figure: /home/ubuntuksh/RusleMulaMutha1625/outputs/figures/c_factor_2025.png
2025-11-24 10:42:23 - __main__ - INFO - C-factor computation completed.
2025-11-24 10:42:23 - __main__ - INFO - ================================================================================
