2025-11-23 21:29:22 - __main__ - INFO - 
2025-11-23 21:29:22 - __main__ - INFO - ================================================================================
2025-11-23 21:29:22 - __main__ - INFO - PREPARING P-FACTOR RASTERS (strict AOI, strict [0,1] via NODATA)
2025-11-23 21:29:22 - __main__ - INFO - ================================================================================
2025-11-23 21:29:22 - __main__ - INFO - DEM grid: CRS=EPSG:4326  shape=(871, 1305)  nodata=-9999.0
2025-11-23 21:29:22 - __main__ - INFO - AOI mask loaded: aoi_mask.tif (preferred raster)
2025-11-23 21:29:22 - __main__ - INFO - AOI pixels: 764277 / 1136655 (67.24%)
2025-11-23 21:29:22 - __main__ - INFO - Processing p_factor_2016_90m.tif: CRS=EPSG:4326 shape=(870, 1305)
2025-11-23 21:29:22 - __main__ - INFO - P 2016 stats: min=0.0000 mean=0.5374 median=0.6000 max=1.0000 std=0.2582 n=763088 (coverage 67.13%)
2025-11-23 21:29:22 - __main__ - INFO - Saved cleaned P raster: C:\Users\Nova\Desktop\RusleMulaMutha1625\temp\factors\p_factor_2016.tif
2025-11-23 21:29:22 - __main__ - INFO - Saved P figure: C:\Users\Nova\Desktop\RusleMulaMutha1625\outputs\figures\p_factor_2016.png
2025-11-23 21:29:22 - __main__ - INFO - Processing p_factor_2017_90m.tif: CRS=EPSG:4326 shape=(870, 1305)
2025-11-23 21:29:22 - __main__ - INFO - P 2017 stats: min=0.0000 mean=0.5510 median=0.6000 max=1.0000 std=0.2567 n=763088 (coverage 67.13%)
2025-11-23 21:29:22 - __main__ - INFO - Saved cleaned P raster: C:\Users\Nova\Desktop\RusleMulaMutha1625\temp\factors\p_factor_2017.tif
2025-11-23 21:29:23 - __main__ - INFO - Saved P figure: C:\Users\Nova\Desktop\RusleMulaMutha1625\outputs\figures\p_factor_2017.png
2025-11-23 21:29:23 - __main__ - INFO - Processing p_factor_2018_90m.tif: CRS=EPSG:4326 shape=(870, 1305)
2025-11-23 21:29:23 - __main__ - INFO - P 2018 stats: min=0.0000 mean=0.5684 median=0.6000 max=1.0000 std=0.2565 n=763088 (coverage 67.13%)
2025-11-23 21:29:23 - __main__ - INFO - Saved cleaned P raster: C:\Users\Nova\Desktop\RusleMulaMutha1625\temp\factors\p_factor_2018.tif
2025-11-23 21:29:23 - __main__ - INFO - Saved P figure: C:\Users\Nova\Desktop\RusleMulaMutha1625\outputs\figures\p_factor_2018.png
2025-11-23 21:29:23 - __main__ - INFO - Processing p_factor_2019_90m.tif: CRS=EPSG:4326 shape=(870, 1305)
2025-11-23 21:29:23 - __main__ - INFO - P 2019 stats: min=0.0000 mean=0.5905 median=0.6000 max=1.0000 std=0.2507 n=763088 (coverage 67.13%)
2025-11-23 21:29:23 - __main__ - INFO - Saved cleaned P raster: C:\Users\Nova\Desktop\RusleMulaMutha1625\temp\factors\p_factor_2019.tif
2025-11-23 21:29:23 - __main__ - INFO - Saved P figure: C:\Users\Nova\Desktop\RusleMulaMutha1625\outputs\figures\p_factor_2019.png
2025-11-23 21:29:23 - __main__ - INFO - Processing p_factor_2020_90m.tif: CRS=EPSG:4326 shape=(870, 1305)
2025-11-23 21:29:23 - __main__ - INFO - P 2020 stats: min=0.0000 mean=0.5693 median=0.6000 max=1.0000 std=0.2646 n=763088 (coverage 67.13%)
2025-11-23 21:29:23 - __main__ - INFO - Saved cleaned P raster: C:\Users\Nova\Desktop\RusleMulaMutha1625\temp\factors\p_factor_2020.tif
2025-11-23 21:29:24 - __main__ - INFO - Saved P figure: C:\Users\Nova\Desktop\RusleMulaMutha1625\outputs\figures\p_factor_2020.png
2025-11-23 21:29:24 - __main__ - INFO - Processing p_factor_2021_90m.tif: CRS=EPSG:4326 shape=(870, 1305)
2025-11-23 21:29:24 - __main__ - INFO - P 2021 stats: min=0.0000 mean=0.5748 median=0.6000 max=1.0000 std=0.2643 n=763088 (coverage 67.13%)
2025-11-23 21:29:24 - __main__ - INFO - Saved cleaned P raster: C:\Users\Nova\Desktop\RusleMulaMutha1625\temp\factors\p_factor_2021.tif
2025-11-23 21:29:24 - __main__ - INFO - Saved P figure: C:\Users\Nova\Desktop\RusleMulaMutha1625\outputs\figures\p_factor_2021.png
2025-11-23 21:29:24 - __main__ - INFO - Processing p_factor_2022_90m.tif: CRS=EPSG:4326 shape=(870, 1305)
2025-11-23 21:29:24 - __main__ - INFO - P 2022 stats: min=0.0000 mean=0.5682 median=0.6000 max=1.0000 std=0.2738 n=763088 (coverage 67.13%)
2025-11-23 21:29:24 - __main__ - INFO - Saved cleaned P raster: C:\Users\Nova\Desktop\RusleMulaMutha1625\temp\factors\p_factor_2022.tif
2025-11-23 21:29:24 - __main__ - INFO - Saved P figure: C:\Users\Nova\Desktop\RusleMulaMutha1625\outputs\figures\p_factor_2022.png
2025-11-23 21:29:24 - __main__ - INFO - Processing p_factor_2023_90m.tif: CRS=EPSG:4326 shape=(870, 1305)
2025-11-23 21:29:24 - __main__ - INFO - P 2023 stats: min=0.0000 mean=0.5834 median=0.6000 max=1.0000 std=0.2699 n=763088 (coverage 67.13%)
2025-11-23 21:29:24 - __main__ - INFO - Saved cleaned P raster: C:\Users\Nova\Desktop\RusleMulaMutha1625\temp\factors\p_factor_2023.tif
2025-11-23 21:29:24 - __main__ - INFO - Saved P figure: C:\Users\Nova\Desktop\RusleMulaMutha1625\outputs\figures\p_factor_2023.png
2025-11-23 21:29:24 - __main__ - INFO - Processing p_factor_2024_90m.tif: CRS=EPSG:4326 shape=(870, 1305)
2025-11-23 21:29:25 - __main__ - INFO - P 2024 stats: min=0.0000 mean=0.5949 median=0.6000 max=1.0000 std=0.2730 n=763088 (coverage 67.13%)
2025-11-23 21:29:25 - __main__ - INFO - Saved cleaned P raster: C:\Users\Nova\Desktop\RusleMulaMutha1625\temp\factors\p_factor_2024.tif
2025-11-23 21:29:25 - __main__ - INFO - Saved P figure: C:\Users\Nova\Desktop\RusleMulaMutha1625\outputs\figures\p_factor_2024.png
2025-11-23 21:29:25 - __main__ - INFO - Processing p_factor_2025_90m.tif: CRS=EPSG:4326 shape=(870, 1305)
2025-11-23 21:29:25 - __main__ - INFO - P 2025 stats: min=0.0000 mean=0.5868 median=0.6000 max=1.0000 std=0.2727 n=763088 (coverage 67.13%)
2025-11-23 21:29:25 - __main__ - INFO - Saved cleaned P raster: C:\Users\Nova\Desktop\RusleMulaMutha1625\temp\factors\p_factor_2025.tif
2025-11-23 21:29:25 - __main__ - INFO - Saved P figure: C:\Users\Nova\Desktop\RusleMulaMutha1625\outputs\figures\p_factor_2025.png
2025-11-23 21:29:25 - __main__ - INFO - Saved master P prep stats CSV: C:\Users\Nova\Desktop\RusleMulaMutha1625\outputs\statistics\p_prep_stats_20251123_212925.csv
2025-11-23 21:29:25 - __main__ - INFO - P-factor prep completed.
2025-11-23 21:29:25 - __main__ - INFO - ================================================================================
