2025-11-24 10:43:41 - __main__ - INFO - 
2025-11-24 10:43:41 - __main__ - INFO - ================================================================================
2025-11-24 10:43:41 - __main__ - INFO - RUSLE P-FACTOR CALCULATION (standardize/clamp to [0,1])
2025-11-24 10:43:41 - __main__ - INFO - ================================================================================
2025-11-24 10:43:41 - __main__ - INFO - DEM grid: CRS=EPSG:4326  shape=(871, 1305)  nodata=-9999.0
2025-11-24 10:43:41 - __main__ - INFO - AOI mask loaded: aoi_mask.tif (preferred raster)
2025-11-24 10:43:41 - __main__ - INFO - AOI pixels: 764277 / 1136655 (67.24%)
2025-11-24 10:43:41 - __main__ - INFO - P 2016: AOI mask applied: 372378 pixels -> nodata
2025-11-24 10:43:41 - __main__ - INFO - Saved P raster: /home/ubuntuksh/RusleMulaMutha1625/temp/factors/p_factor_2016.tif
2025-11-24 10:43:41 - __main__ - INFO - P stats 2016: min=0.0000  mean=0.5374  median=0.6000  max=1.0000  std=0.2582  n=763088 (coverage 67.13%)
2025-11-24 10:43:41 - __main__ - INFO - Saved P stats CSV: /home/ubuntuksh/RusleMulaMutha1625/outputs/statistics/p_factor_stats_2016.csv
2025-11-24 10:43:42 - __main__ - INFO - Saved P figure: /home/ubuntuksh/RusleMulaMutha1625/outputs/figures/p_factor_2016.png
2025-11-24 10:43:42 - __main__ - INFO - P 2017: AOI mask applied: 372378 pixels -> nodata
2025-11-24 10:43:42 - __main__ - INFO - Saved P raster: /home/ubuntuksh/RusleMulaMutha1625/temp/factors/p_factor_2017.tif
2025-11-24 10:43:42 - __main__ - INFO - P stats 2017: min=0.0000  mean=0.5510  median=0.6000  max=1.0000  std=0.2567  n=763088 (coverage 67.13%)
2025-11-24 10:43:42 - __main__ - INFO - Saved P stats CSV: /home/ubuntuksh/RusleMulaMutha1625/outputs/statistics/p_factor_stats_2017.csv
2025-11-24 10:43:42 - __main__ - INFO - Saved P figure: /home/ubuntuksh/RusleMulaMutha1625/outputs/figures/p_factor_2017.png
2025-11-24 10:43:42 - __main__ - INFO - P 2018: AOI mask applied: 372378 pixels -> nodata
2025-11-24 10:43:42 - __main__ - INFO - Saved P raster: /home/ubuntuksh/RusleMulaMutha1625/temp/factors/p_factor_2018.tif
2025-11-24 10:43:42 - __main__ - INFO - P stats 2018: min=0.0000  mean=0.5684  median=0.6000  max=1.0000  std=0.2565  n=763088 (coverage 67.13%)
2025-11-24 10:43:42 - __main__ - INFO - Saved P stats CSV: /home/ubuntuksh/RusleMulaMutha1625/outputs/statistics/p_factor_stats_2018.csv
2025-11-24 10:43:42 - __main__ - INFO - Saved P figure: /home/ubuntuksh/RusleMulaMutha1625/outputs/figures/p_factor_2018.png
2025-11-24 10:43:42 - __main__ - INFO - P 2019: AOI mask applied: 372378 pixels -> nodata
2025-11-24 10:43:43 - __main__ - INFO - Saved P raster: /home/ubuntuksh/RusleMulaMutha1625/temp/factors/p_factor_2019.tif
2025-11-24 10:43:43 - __main__ - INFO - P stats 2019: min=0.0000  mean=0.5905  median=0.6000  max=1.0000  std=0.2507  n=763088 (coverage 67.13%)
2025-11-24 10:43:43 - __main__ - INFO - Saved P stats CSV: /home/ubuntuksh/RusleMulaMutha1625/outputs/statistics/p_factor_stats_2019.csv
2025-11-24 10:43:43 - __main__ - INFO - Saved P figure: /home/ubuntuksh/RusleMulaMutha1625/outputs/figures/p_factor_2019.png
2025-11-24 10:43:43 - __main__ - INFO - P 2020: AOI mask applied: 372378 pixels -> nodata
2025-11-24 10:43:43 - __main__ - INFO - Saved P raster: /home/ubuntuksh/RusleMulaMutha1625/temp/factors/p_factor_2020.tif
2025-11-24 10:43:43 - __main__ - INFO - P stats 2020: min=0.0000  mean=0.5693  median=0.6000  max=1.0000  std=0.2646  n=763088 (coverage 67.13%)
2025-11-24 10:43:43 - __main__ - INFO - Saved P stats CSV: /home/ubuntuksh/RusleMulaMutha1625/outputs/statistics/p_factor_stats_2020.csv
2025-11-24 10:43:44 - __main__ - INFO - Saved P figure: /home/ubuntuksh/RusleMulaMutha1625/outputs/figures/p_factor_2020.png
2025-11-24 10:43:44 - __main__ - INFO - P 2021: AOI mask applied: 372378 pixels -> nodata
2025-11-24 10:43:44 - __main__ - INFO - Saved P raster: /home/ubuntuksh/RusleMulaMutha1625/temp/factors/p_factor_2021.tif
2025-11-24 10:43:44 - __main__ - INFO - P stats 2021: min=0.0000  mean=0.5748  median=0.6000  max=1.0000  std=0.2643  n=763088 (coverage 67.13%)
2025-11-24 10:43:44 - __main__ - INFO - Saved P stats CSV: /home/ubuntuksh/RusleMulaMutha1625/outputs/statistics/p_factor_stats_2021.csv
2025-11-24 10:43:44 - __main__ - INFO - Saved P figure: /home/ubuntuksh/RusleMulaMutha1625/outputs/figures/p_factor_2021.png
2025-11-24 10:43:44 - __main__ - INFO - P 2022: AOI mask applied: 372378 pixels -> nodata
2025-11-24 10:43:44 - __main__ - INFO - Saved P raster: /home/ubuntuksh/RusleMulaMutha1625/temp/factors/p_factor_2022.tif
2025-11-24 10:43:44 - __main__ - INFO - P stats 2022: min=0.0000  mean=0.5682  median=0.6000  max=1.0000  std=0.2738  n=763088 (coverage 67.13%)
2025-11-24 10:43:44 - __main__ - INFO - Saved P stats CSV: /home/ubuntuksh/RusleMulaMutha1625/outputs/statistics/p_factor_stats_2022.csv
2025-11-24 10:43:45 - __main__ - INFO - Saved P figure: /home/ubuntuksh/RusleMulaMutha1625/outputs/figures/p_factor_2022.png
2025-11-24 10:43:45 - __main__ - INFO - P 2023: AOI mask applied: 372378 pixels -> nodata
2025-11-24 10:43:45 - __main__ - INFO - Saved P raster: /home/ubuntuksh/RusleMulaMutha1625/temp/factors/p_factor_2023.tif
2025-11-24 10:43:45 - __main__ - INFO - P stats 2023: min=0.0000  mean=0.5834  median=0.6000  max=1.0000  std=0.2699  n=763088 (coverage 67.13%)
2025-11-24 10:43:45 - __main__ - INFO - Saved P stats CSV: /home/ubuntuksh/RusleMulaMutha1625/outputs/statistics/p_factor_stats_2023.csv
2025-11-24 10:43:45 - __main__ - INFO - Saved P figure: /home/ubuntuksh/RusleMulaMutha1625/outputs/figures/p_factor_2023.png
2025-11-24 10:43:45 - __main__ - INFO - P 2024: AOI mask applied: 372378 pixels -> nodata
2025-11-24 10:43:45 - __main__ - INFO - Saved P raster: /home/ubuntuksh/RusleMulaMutha1625/temp/factors/p_factor_2024.tif
2025-11-24 10:43:45 - __main__ - INFO - P stats 2024: min=0.0000  mean=0.5949  median=0.6000  max=1.0000  std=0.2730  n=763088 (coverage 67.13%)
2025-11-24 10:43:45 - __main__ - INFO - Saved P stats CSV: /home/ubuntuksh/RusleMulaMutha1625/outputs/statistics/p_factor_stats_2024.csv
2025-11-24 10:43:46 - __main__ - INFO - Saved P figure: /home/ubuntuksh/RusleMulaMutha1625/outputs/figures/p_factor_2024.png
2025-11-24 10:43:46 - __main__ - INFO - P 2025: AOI mask applied: 372378 pixels -> nodata
2025-11-24 10:43:46 - __main__ - INFO - Saved P raster: /home/ubuntuksh/RusleMulaMutha1625/temp/factors/p_factor_2025.tif
2025-11-24 10:43:46 - __main__ - INFO - P stats 2025: min=0.0000  mean=0.5868  median=0.6000  max=1.0000  std=0.2727  n=763088 (coverage 67.13%)
2025-11-24 10:43:46 - __main__ - INFO - Saved P stats CSV: /home/ubuntuksh/RusleMulaMutha1625/outputs/statistics/p_factor_stats_2025.csv
2025-11-24 10:43:46 - __main__ - INFO - Saved P figure: /home/ubuntuksh/RusleMulaMutha1625/outputs/figures/p_factor_2025.png
2025-11-24 10:43:46 - __main__ - INFO - Saved master P stats CSV: /home/ubuntuksh/RusleMulaMutha1625/outputs/statistics/p_factor_stats_master_20251124_104346.csv
2025-11-24 10:43:46 - __main__ - INFO - P-factor calculation completed.
2025-11-24 10:43:46 - __main__ - INFO - ================================================================================
